A D/contrib////
A D/experimental////
A D/flags////
A D/i18nblocks////
A D/i18ncontent////
A D/i18nmenu////
A D/i18noverview////
A D/i18npoll////
A D/i18nprofile////
A D/i18nstrings////
A D/i18nsync////
A D/i18ntaxonomy////
A D/i18nviews////
A D/languageicons////
A D/patches////
A D/po////
A D/translation////
A D/translations////
R D/translations////
R D/patches////
R D/languageicons////
R D/i18ntaxonomy////
R D/i18nsync////
R D/i18nstrings////
R D/i18npoll////
R D/i18noverview////
R D/i18nmenu////
R D/i18ncontent////
