A D/aggregation_parser////
A D/feedapi_aggregator////
A D/feedapi_feed////
A D/feedapi_inherit////
A D/feedapi_item////
A D/feedapi_item_views////
A D/feedapi_node////
A D/feedapi_node_views////
A D/parser_common_ical////
A D/parser_common_syndication////
A D/parser_simplepie////
A D/po////
A D/simplepie_parser////
A D/translations////
A D/views////
R D/views////
R D/translations////
R D/simplepie_parser////
R D/parser_common_ical////
R D/feedapi_item_views////
R D/feedapi_item////
R D/feedapi_feed////
R D/aggregation_parser////
